<?xml version="1.0" encoding="UTF-8"?>
<testsuite xmlns:xsi="http://www.w3.org/2001/XMLSchema-instance" xsi:noNamespaceSchemaLocation="https://maven.apache.org/surefire/maven-surefire-plugin/xsd/surefire-test-report-3.0.xsd" version="3.0" name="com.api.auth.AuthApplicationTests" time="1.585" tests="1" errors="0" skipped="0" failures="0">
  <properties>
[...]
</properties>
  <testcase name="contextLoads" classname="com.api.auth.AuthApplicationTests" time="0.483">
    <system-out><![CDATA[21:36:11.604 [main] INFO org.springframework.test.context.support.AnnotationConfigContextLoaderUtils -- Could not detect default configuration classes for test class [com.api.auth.AuthApplicationTests]: AuthApplicationTests does not declare any static, non-private, non-final, nested classes annotated with @Configuration.
21:36:11.670 [main] INFO org.springframework.boot.test.context.SpringBootTestContextBootstrapper -- Found @SpringBootConfiguration com.api.auth.AuthApplication for test class com.api.auth.AuthApplicationTests
21:36:11.763 [main] INFO org.springframework.boot.devtools.restart.RestartApplicationListener -- Restart disabled due to context in which it is running

  .   ____          _            __ _ _
 /\\ / ___'_ __ _ _(_)_ __  __ _ \ \ \ \
( ( )\___ | '_ | '_| | '_ \/ _` | \ \ \ \
 \\/  ___)| |_)| | | | | || (_| |  ) ) ) )
  '  |____| .__|_| |_|_| |_\__, | / / / /
 =========|_|==============|___/=/_/_/_/
 :: Spring Boot ::       (v3.3.0-SNAPSHOT)

2024-01-17T21:36:11.910+05:30  INFO 191139 --- [           main] com.api.auth.AuthApplicationTests        : Starting AuthApplicationTests using Java 19.0.2 with PID 191139 (started by pratyush in /home/pratyush/projects/Java/authorization)
2024-01-17T21:36:11.911+05:30  INFO 191139 --- [           main] com.api.auth.AuthApplicationTests        : No active profile set, falling back to 1 default profile: "default"
2024-01-17T21:36:12.572+05:30  INFO 191139 --- [           main] com.api.auth.AuthApplicationTests        : Started AuthApplicationTests in 0.818 seconds (process running for 1.392)
]]></system-out>
  </testcase>
</testsuite>