<?xml version="1.0" encoding="UTF-8"?>
<testsuite xmlns:xsi="http://www.w3.org/2001/XMLSchema-instance" xsi:noNamespaceSchemaLocation="https://maven.apache.org/surefire/maven-surefire-plugin/xsd/surefire-test-report-3.0.xsd" version="3.0" name="com.api.auth.AuthApplicationTests" time="2.281" tests="1" errors="0" skipped="0" failures="0">
  <properties>
[...]
</properties>
  <testcase name="contextLoads" classname="com.api.auth.AuthApplicationTests" time="0.669">
    <system-out><![CDATA[21:43:46.473 [main] INFO org.springframework.test.context.support.AnnotationConfigContextLoaderUtils -- Could not detect default configuration classes for test class [com.api.auth.AuthApplicationTests]: AuthApplicationTests does not declare any static, non-private, non-final, nested classes annotated with @Configuration.
21:43:46.560 [main] INFO org.springframework.boot.test.context.SpringBootTestContextBootstrapper -- Found @SpringBootConfiguration com.api.auth.AuthApplication for test class com.api.auth.AuthApplicationTests
21:43:46.671 [main] INFO org.springframework.boot.devtools.restart.RestartApplicationListener -- Restart disabled due to context in which it is running

  .   ____          _            __ _ _
 /\\ / ___'_ __ _ _(_)_ __  __ _ \ \ \ \
( ( )\___ | '_ | '_| | '_ \/ _` | \ \ \ \
 \\/  ___)| |_)| | | | | || (_| |  ) ) ) )
  '  |____| .__|_| |_|_| |_\__, | / / / /
 =========|_|==============|___/=/_/_/_/
 :: Spring Boot ::       (v3.3.0-SNAPSHOT)

2024-01-29T21:43:46.857+05:30  INFO 43844 --- [           main] com.api.auth.AuthApplicationTests        : Starting AuthApplicationTests using Java 19.0.2 with PID 43844 (started by pratyush in /home/pratyush/projects/Java/authorization)
2024-01-29T21:43:46.859+05:30  INFO 43844 --- [           main] com.api.auth.AuthApplicationTests        : No active profile set, falling back to 1 default profile: "default"
2024-01-29T21:43:47.545+05:30  WARN 43844 --- [           main] .s.s.UserDetailsServiceAutoConfiguration : 

Using generated security password: da254748-f212-449b-bc8e-7b9b3358530d

This generated password is for development use only. Your security configuration must be updated before running your application in production.

2024-01-29T21:43:47.727+05:30  INFO 43844 --- [           main] o.s.s.web.DefaultSecurityFilterChain     : Will secure any request with [org.springframework.security.web.session.DisableEncodeUrlFilter@2fd954f, org.springframework.security.web.context.request.async.WebAsyncManagerIntegrationFilter@5731d3a, org.springframework.security.web.context.SecurityContextHolderFilter@7978e022, org.springframework.security.web.header.HeaderWriterFilter@7fb53256, org.springframework.web.filter.CorsFilter@6a0f2853, org.springframework.security.web.csrf.CsrfFilter@41da3aee, org.springframework.security.web.authentication.logout.LogoutFilter@17aa8a11, org.springframework.security.web.authentication.UsernamePasswordAuthenticationFilter@1e60b459, org.springframework.security.web.authentication.ui.DefaultLoginPageGeneratingFilter@34585ac9, org.springframework.security.web.authentication.ui.DefaultLogoutPageGeneratingFilter@1eff3cfb, org.springframework.security.web.authentication.www.BasicAuthenticationFilter@254449bb, org.springframework.security.web.savedrequest.RequestCacheAwareFilter@5afbd567, org.springframework.security.web.servletapi.SecurityContextHolderAwareRequestFilter@6993c8df, org.springframework.security.web.authentication.AnonymousAuthenticationFilter@70c69586, org.springframework.security.web.access.ExceptionTranslationFilter@3d90eeb3, org.springframework.security.web.access.intercept.AuthorizationFilter@7930ffa9]
2024-01-29T21:43:47.919+05:30  INFO 43844 --- [           main] com.api.auth.AuthApplicationTests        : Started AuthApplicationTests in 1.258 seconds (process running for 1.999)
]]></system-out>
  </testcase>
</testsuite>